2024-07-10 06:38:21 - admin - Login exitoso
2024-07-10 06:39:59 - admin - Logout
2024-07-10 06:40:06 - admin - Login exitoso
2024-07-10 06:40:08 - admin - Logout
2024-07-10 06:40:24 - admin - Login fallido
2024-07-10 06:42:59 - admin - Login exitoso
2024-07-10 06:43:02 - admin - Logout
2024-07-10 06:43:26 - admin - Login exitoso
2024-07-10 06:43:29 - admin - Logout
2024-07-10 06:43:58 - admin - Login exitoso
2024-07-10 06:44:00 - admin - Logout
2024-07-10 06:45:58 - admin - Login exitoso
2024-07-10 06:46:00 - admin - Logout
2024-07-10 06:46:21 - admin - Login fallido
2024-07-10 06:46:27 - admin - Login fallido
2024-07-10 06:46:35 - admin - Login fallido
2024-07-10 06:50:03 - victor - Login fallido
2024-07-10 06:55:10 - admin - Login exitoso
2024-07-10 06:55:14 - admin - Logout
2024-07-10 07:00:37 - admin - Login fallido
2024-07-10 07:00:52 - admin - Login fallido
2024-07-10 07:00:57 - admin - Cuenta bloqueada
2024-07-10 07:04:59 - admin - Login exitoso
2024-07-10 07:05:10 - admin - Logout
2024-07-10 07:05:24 - admin - Login fallido
2024-07-10 07:05:31 - ad - Login fallido
2024-07-10 07:05:34 - admin - Login fallido
2024-07-10 07:05:37 - admin - Cuenta bloqueada
2024-07-10 07:07:39 - admin - Login fallido
2024-07-10 07:07:50 - admin - Login fallido
2024-07-10 07:07:55 - admin - Cuenta bloqueada
2024-07-10 07:11:03 - admin - Login exitoso
2024-07-10 07:11:10 - admin - Logout
2024-07-10 07:11:46 - admin - Login fallido
2024-07-10 07:11:53 - admin - Login fallido
2024-07-10 07:11:58 - admin - Cuenta bloqueada
2024-07-10 07:14:53 - admin - Login exitoso
2024-07-10 07:17:24 - admin - Logout
2024-07-10 07:17:48 - admin - Login exitoso
2024-07-10 07:17:59 - admin - Logout
2024-07-10 07:18:33 - admin - Login fallido
2024-07-10 07:18:39 - admin - Login fallido
2024-07-10 07:18:48 - admin - Cuenta bloqueada
2024-07-10 07:20:03 - admin - Login exitoso
2024-07-10 07:29:58 - admin - Logout
2024-07-10 07:57:16 - admin - Login exitoso
2024-07-10 08:00:16 - admin - Logout
2024-07-10 08:07:19 - admin - Login exitoso
2024-07-10 08:07:26 - admin - Logout
2024-07-10 08:12:32 - admin - Login exitoso
2024-07-10 08:22:36 - admin - Login exitoso
2024-07-10 08:22:55 - admin - Logout
2024-07-10 08:23:03 - admin - Login fallido
2024-07-10 08:23:09 - admin - Login exitoso
2024-07-10 08:23:19 - admin - Logout
2024-07-10 08:25:56 - admin - Login exitoso
2024-07-10 08:26:05 - admin - Logout
2024-07-10 08:28:17 - victor - Login exitoso
2024-07-10 08:28:25 - victor - Logout
2024-07-10 08:28:50 - victor - Login exitoso
2024-07-10 08:29:26 - victor - Logout
2024-07-10 08:29:43 - victor - Login fallido
2024-07-10 08:29:50 - victor - Login exitoso
2024-07-10 08:29:53 - victor - Logout
2024-07-10 08:30:27 - victor - Login fallido
2024-07-10 08:30:33 - victor - Login exitoso
2024-07-10 08:31:21 - victor - Logout
2024-07-10 08:32:29 - admin - Login exitoso
2024-07-10 08:32:32 - admin - Logout
2024-07-12 02:01:53 - admin - Login fallido
2024-07-12 02:02:03 - admin - Login fallido
2024-07-12 02:02:18 - victor - Login fallido
2024-07-12 02:02:29 - admin - Cuenta bloqueada
2024-07-12 02:03:57 - admin - Login fallido
2024-07-12 02:04:03 - admin - Login fallido
2024-07-12 02:04:08 - admin - Cuenta bloqueada
2024-07-12 02:04:55 - victor - Login exitoso
2024-07-12 02:07:06 - victor - Login exitoso
2024-07-12 02:24:07 - admin - Login fallido
2024-07-12 02:24:13 - admin - Login fallido
2024-07-12 02:24:19 - admin1235 - Login fallido
2024-07-12 02:24:24 - admin - Cuenta bloqueada
2024-07-12 02:25:36 - admin - Login fallido
2024-07-12 02:25:42 - admin - Login fallido
2024-07-12 02:26:15 - victor - Login fallido
2024-07-12 02:26:21 - victor - Login fallido
2024-07-12 02:27:29 - admin - Cuenta bloqueada
2024-07-12 02:27:42 - admin - Login fallido
2024-07-12 02:28:40 - admin - Login fallido
2024-07-12 02:30:02 - admin - Cuenta bloqueada
2024-07-12 02:31:02 - victor - Login exitoso
2024-07-12 02:31:13 - victor - Logout
2024-07-12 02:31:20 - victor - Login exitoso
2024-07-12 02:32:06 - victor - Logout
2024-07-12 02:32:50 - victor - Login fallido
2024-07-12 02:32:58 - victor - Login exitoso
2024-07-12 02:37:17 - victor - Logout
2024-07-12 02:37:23 - victor - Login exitoso
2024-07-12 02:37:38 - victor - Logout
2024-07-12 02:38:26 - admin - Login fallido
2024-07-12 02:38:32 - admin - Login fallido
2024-07-13 01:16:58 - victor - Login exitoso
2024-07-13 01:18:34 - victor - Logout
2024-07-13 01:18:44 - victor - Login exitoso
2024-07-13 01:18:49 - victor - Logout
2024-07-13 01:19:25 - victor - Login fallido
2024-07-13 01:19:31 - admin - Cuenta bloqueada
2024-07-13 01:21:22 - victor - Login exitoso
2024-07-13 01:23:43 - victor - Logout
2024-07-19 03:41:51 - admin - Login fallido
2024-07-19 03:41:59 - admin - Login fallido
2024-07-19 03:42:20 - admin - Cuenta bloqueada
2024-07-19 03:45:46 - victor - Login exitoso
2024-07-19 03:45:58 - victor - Logout
2024-07-19 03:46:03 - victor - Login fallido
2024-07-19 03:46:11 - victor - Login exitoso
2024-07-19 03:46:16 - victor - Logout
2024-07-19 03:46:57 - victor - Login fallido
2024-07-19 03:47:05 - victor - Login exitoso
2024-07-19 03:47:41 - victor - Logout
2024-07-19 03:51:07 - victor - Login fallido
2024-07-19 03:51:21 - victor - Login fallido
2024-07-19 03:51:32 - victor - Cuenta bloqueada
2024-07-19 03:52:21 - victor - Login fallido
2024-07-19 03:52:31 - victor - Login exitoso
2024-07-19 03:52:56 - victor - Logout
2024-07-19 03:53:49 - victor - Login fallido
2024-07-19 03:53:56 - victor - Login fallido
2024-07-19 03:54:07 - admin - Login fallido
2024-07-19 03:54:20 - victor - Cuenta bloqueada
2024-07-19 03:55:46 - admin - Login fallido
2024-07-19 03:56:35 - victor - Login fallido
2024-07-19 03:56:43 - victor - Login exitoso
2024-07-19 03:56:51 - victor - Logout
2024-07-19 03:59:23 - victor - Login exitoso
2024-07-19 03:59:25 - victor - Logout
2024-07-24 00:46:26 - victor - Login fallido
2024-07-24 00:49:00 - victor - Login fallido
2024-07-24 00:49:31 - victor - Login exitoso
2024-07-24 19:55:27 - admin - Login exitoso
2024-07-24 20:08:47 - admin - Logout
2024-07-24 20:09:26 - admin - Login exitoso
2024-07-24 20:09:28 - admin - Logout
2024-07-24 20:09:32 - admin - Login fallido
2024-07-24 20:09:37 - admin - Login exitoso
2024-07-24 20:35:25 - admin - Logout
2024-07-24 20:38:46 - admin - Login exitoso
2024-07-24 21:03:02 - admin - Logout
2024-07-24 21:17:46 - admin - Login exitoso
2024-07-24 21:41:51 - admin - Logout
2024-07-24 22:38:28 - admin - Login exitoso
2024-07-24 22:38:35 - admin - Logout
2024-07-24 23:09:34 - admin - Login exitoso
2024-07-24 23:10:08 - admin - Logout
2024-07-25 00:01:56 - admin - Login exitoso
2024-07-25 00:01:58 - admin - Logout
2024-07-25 00:02:02 - admin - Login fallido
2024-07-25 00:02:06 - admin - Login fallido
2024-07-25 00:02:13 - admin - Login exitoso
2024-07-25 00:02:17 - admin - Logout
2024-07-25 00:06:11 - admin - Login exitoso
2024-07-25 00:19:12 - admin - Logout
2024-07-25 01:21:45 - admin - Login exitoso
2024-07-25 01:22:22 - admin - Logout
2024-07-25 01:23:05 - admin - Login exitoso
2024-07-25 01:23:21 - admin - Logout
2024-07-27 03:33:31 - admin - Login exitoso
2024-07-27 03:34:05 - admin - Logout
2024-07-31 06:34:35 - admin - Login exitoso
2024-07-31 06:41:56 - admin - Logout
2024-07-31 06:43:05 - admin - Login fallido
2024-07-31 06:43:19 - admin - Login fallido
2024-07-31 06:43:35 - admin - Cuenta bloqueada
2024-07-31 06:45:41 - admin - Login fallido
2024-07-31 06:45:49 - admin - Login fallido
2024-07-31 06:46:27 - admin - Cuenta bloqueada
2024-07-31 06:47:29 - admin - Login fallido
2024-07-31 06:55:50 - admin - Login fallido
2024-07-31 06:56:13 - victor - Login fallido
2024-07-31 06:56:20 - admin - Cuenta bloqueada
2024-07-31 06:58:43 - admin - Login fallido
2024-07-31 07:00:09 - admin - Login fallido
2024-07-31 07:00:42 - admin - Login exitoso
2024-07-31 07:04:31 - admin - Logout
2024-07-31 07:05:02 - admin - Login exitoso
2024-07-31 07:13:08 - admin - Logout
2024-07-31 07:13:32 - admin - Login exitoso
2024-07-31 07:14:50 - admin - Logout
2024-07-31 07:18:14 - admin - Login exitoso
2024-07-31 07:22:29 - admin - Logout
2024-07-31 07:23:53 - admin - Login exitoso
2024-07-31 07:26:27 - admin - Logout
2024-07-31 07:30:58 - admin - Login fallido
2024-07-31 07:31:31 - admin - Login fallido
2024-07-31 07:32:12 - admin - Login exitoso
2024-07-31 07:32:35 - admin - Logout
2024-07-31 07:32:40 - admin - Login fallido
2024-07-31 07:32:46 - admin - Login exitoso
2024-07-31 07:33:28 - admin - Logout
2024-07-31 07:34:03 - admin - Login fallido
2024-07-31 07:34:10 - admin - Login exitoso
2024-07-31 07:34:22 - admin - Logout
2024-07-31 07:48:25 - admin  - Login fallido
2024-07-31 07:48:43 - admin - Login exitoso
2024-07-31 07:48:55 - admin - Logout
2024-07-31 07:49:50 - admin&#39; -- - Login fallido
2024-07-31 07:50:02 - admin - Login exitoso
2024-07-31 07:50:03 - admin - Logout
2024-07-31 07:52:57 - admin - Login exitoso
2024-07-31 07:53:43 - admin - Logout
2024-07-31 07:53:49 - admin - Login exitoso
2024-07-31 07:53:52 - admin - Logout
2024-07-31 07:54:19 - admin - Login exitoso
2024-07-31 07:55:40 - admin - Logout
2024-07-31 07:58:50 - admin - Login exitoso
2024-07-31 08:00:52 - admin - Logout
2024-07-31 08:01:41 - admin - Login exitoso
2024-07-31 08:06:22 - admin - Login fallido
2024-07-31 08:06:30 - admin - Login exitoso
2024-07-31 08:09:19 - admin - Logout
2024-07-31 08:10:15 - admin - Login exitoso
2024-07-31 08:14:32 - admin - Logout
2024-07-31 08:15:29 - admin - Login exitoso
2024-07-31 08:20:43 - admin - Logout
2024-07-31 08:27:44 - admin - Login exitoso
2024-07-31 08:58:04 - admin - Logout
2024-07-31 08:58:32 - admin - Login exitoso
2024-07-31 09:34:50 - admin - Logout
2024-07-31 09:40:43 - admin - Login exitoso
2024-07-31 10:04:49 - admin - Logout
2024-07-31 10:06:12 - admin - Login fallido
2024-07-31 10:06:24 - admin - Login exitoso
2024-07-31 10:09:31 - admin - Logout
2024-07-31 10:11:37 - admin - Login exitoso
2024-07-31 10:12:52 - admin - Logout
2024-07-31 10:13:00 - victor - Login fallido
2024-07-31 10:14:16 - admin - Login exitoso
2024-07-31 10:14:18 - admin - Logout
2024-07-31 10:14:25 - victor - Login fallido
2024-07-31 10:14:36 - victor - Cuenta bloqueada
2024-07-31 10:16:09 - admin - Login exitoso
2024-07-31 10:16:19 - admin - Logout
2024-07-31 10:16:55 - admin - Login exitoso
2024-07-31 10:25:43 - admin - Logout
2024-07-31 10:25:52 - victor - Login exitoso
2024-07-31 10:33:56 - victor - Logout
2024-07-31 10:34:03 - admin - Login exitoso
2024-07-31 10:34:23 - admin - Logout
2024-07-31 10:40:17 - admin - Login exitoso
2024-07-31 10:40:26 - admin - Logout
2024-07-31 10:40:39 - admin - Login exitoso
2024-07-31 10:43:36 - admin - Logout
2024-07-31 10:43:50 - victor - Login exitoso
2024-07-31 10:43:56 - victor - Logout
2024-07-31 10:52:37 - admin - Login exitoso
2024-07-31 10:52:45 - admin - Logout
2024-07-31 10:53:18 - admin - Login exitoso
2024-07-31 10:53:22 - admin - Logout
2024-07-31 10:53:29 - victor - Login exitoso
2024-07-31 10:54:59 - victor - Logout
2024-07-31 11:01:11 - admin - Login exitoso
2024-07-31 11:01:27 - admin - Logout
2024-07-31 11:01:35 - victor - Login exitoso
2024-07-31 11:01:43 - victor - Logout
2024-07-31 11:08:11 - admin - Login exitoso
2024-07-31 11:08:18 - admin - Logout
2024-07-31 11:08:26 - victor - Login exitoso
2024-07-31 11:08:42 - victor - Logout
2024-07-31 11:10:59 - admin - Login exitoso
2024-07-31 11:12:41 - admin - Logout
2024-07-31 11:16:33 - admin - Login exitoso
2024-07-31 11:17:10 - admin - Logout
2024-07-31 11:18:23 - victor - Login exitoso
2024-07-31 11:18:50 - victor - Logout
2024-07-31 19:59:52 - admin - Login exitoso
2024-07-31 20:08:58 - admin - Logout
2024-07-31 20:09:09 - victor - Login exitoso
2024-07-31 20:11:58 - victor - Logout
2024-07-31 21:04:31 - admin - Login exitoso
2024-07-31 21:12:19 - admin - Logout
2024-07-31 21:16:32 - admin - Login exitoso
2024-07-31 21:18:31 - admin - Logout
2024-07-31 21:18:37 - admin - Login exitoso
2024-07-31 21:20:13 - admin - Logout
2024-07-31 21:20:20 - admin - Login exitoso
2024-07-31 21:22:31 - admin - Logout
2024-07-31 21:22:37 - admin - Login exitoso
2024-07-31 21:22:51 - admin - Logout
2024-07-31 21:22:57 - victor - Login exitoso
2024-07-31 21:23:08 - victor - Logout
2024-07-31 21:56:10 - admin - Login exitoso
2024-07-31 21:56:39 - admin - Logout
2024-08-01 01:17:59 - admin - Login fallido
2024-08-01 01:18:08 - admin - Login exitoso
2024-08-01 01:18:40 - admin - Logout
2024-08-01 01:20:50 - admin - Login exitoso
2024-08-02 02:23:24 - admin - Login fallido
2024-08-02 02:23:34 - admin - Login fallido
2024-08-02 02:24:22 - admin - Cuenta bloqueada
2024-08-02 02:25:45 - victor - Login fallido
2024-08-02 02:25:55 - victor - Login exitoso
2024-08-02 02:28:19 - victor - Logout
2024-08-02 02:28:47 - admin - Login exitoso
2024-08-02 02:29:12 - admin - Logout
2024-08-02 02:29:16 - admin - Login fallido
2024-08-02 02:29:21 - admin - Login fallido
2024-08-02 02:29:26 - admin - Cuenta bloqueada
2024-08-02 02:33:27 - admin - Login exitoso
2024-08-02 02:37:16 - admin - Logout
2024-08-02 05:41:51 - admin - Login exitoso
2024-08-02 05:43:22 - admin - Logout
2024-08-02 05:45:15 - admin - Login fallido
2024-08-02 05:45:26 - admin - Login fallido
2024-08-02 05:45:36 - admin - Cuenta bloqueada
2024-08-02 05:46:14 - victor - Login exitoso
2024-08-02 05:46:59 - victor - Logout
2024-08-02 05:47:24 - admin - Login exitoso
2024-08-02 05:48:31 - admin - Logout
2024-08-06 21:10:30 - admin - Login fallido
2024-08-06 21:12:25 - admin - Login fallido
2024-08-06 21:12:31 - admin - Cuenta bloqueada
2024-08-06 21:15:35 - admin - Login exitoso
2024-08-06 21:25:21 - admin - Logout
2024-08-07 21:35:24 - admin - Login exitoso
2024-08-07 21:35:55 - admin - Logout
2024-08-07 21:36:03 - admin - Login fallido
2024-08-07 21:36:13 - hola - Login fallido
2024-08-07 21:36:24 - admin - Login fallido
2024-08-07 21:36:35 - admin - Cuenta bloqueada
2024-08-07 21:39:36 - admin - Login exitoso
2024-08-07 21:39:44 - admin - Logout
2024-08-07 21:41:13 - admin - Login exitoso
2024-08-16 05:32:55 - admin - Login exitoso
2024-08-25 04:46:39 - admin - Login exitoso
2024-08-25 04:58:04 - admin - Logout
2025-01-22 04:58:08 - admin - Login exitoso
2025-01-31 02:51:36 - admin - Login exitoso
2025-01-31 02:52:15 - admin - Logout
2025-01-31 02:53:30 - admin - Login exitoso
2025-01-31 02:53:49 - admin - Logout
2025-02-04 21:17:53 - admin - Login exitoso
